  start.cpp
C:\Users\kim94\Desktop\temp\code\c\ConsoleApplication1\ConsoleApplication1\error.h(44,9): error C2059: 구문 오류: '상수'
C:\Users\kim94\Desktop\temp\code\c\ConsoleApplication1\ConsoleApplication1\error.h(294,5): error C2143: 구문 오류: ';'이(가) '}' 앞에 없습니다.
C:\Users\kim94\Desktop\temp\code\c\ConsoleApplication1\ConsoleApplication1\error.h(294,14): error C4430: 형식 지정자가 없습니다. int로 가정합니다. 참고: C++에서는 기본 int를 지원하지 않습니다.
C:\Users\kim94\Desktop\temp\code\c\ConsoleApplication1\ConsoleApplication1\error.h(298,1): error C2059: 구문 오류: '}'
C:\Users\kim94\Desktop\temp\code\c\ConsoleApplication1\ConsoleApplication1\error.h(298,1): error C2143: 구문 오류: ';'이(가) '}' 앞에 없습니다.
C:\Users\kim94\Desktop\temp\code\c\ConsoleApplication1\ConsoleApplication1\start.cpp(27,20): error C2065: 'ERROR_FAILURE': 선언되지 않은 식별자입니다.
C:\Users\kim94\Desktop\temp\code\c\ConsoleApplication1\ConsoleApplication1\start.cpp(33,12): error C2355: 'this': 비정적 멤버 함수 또는 비정적 데이터 멤버 이니셜라이저 안에서만 참조할 수 있습니다.
C:\Users\kim94\Desktop\temp\code\c\ConsoleApplication1\ConsoleApplication1\start.cpp(38,17): error C3861: 'rest': 식별자를 찾을 수 없습니다.
C:\Users\kim94\Desktop\temp\code\c\ConsoleApplication1\ConsoleApplication1\start.cpp(40,17): error C3861: 'notify': 식별자를 찾을 수 없습니다.
C:\Users\kim94\Desktop\temp\code\c\ConsoleApplication1\ConsoleApplication1\start.cpp(43,17): error C2355: 'this': 비정적 멤버 함수 또는 비정적 데이터 멤버 이니셜라이저 안에서만 참조할 수 있습니다.
C:\Users\kim94\Desktop\temp\code\c\ConsoleApplication1\ConsoleApplication1\start.cpp(46,13): error C3861: 'notRest': 식별자를 찾을 수 없습니다.
C:\Users\kim94\Desktop\temp\code\c\ConsoleApplication1\ConsoleApplication1\start.cpp(48,13): error C3861: 'notify': 식별자를 찾을 수 없습니다.
C:\Users\kim94\Desktop\temp\code\c\ConsoleApplication1\ConsoleApplication1\start.cpp(62,48): warning C4129: 'C': 문자 이스케이프 시퀀스를 인식할 수 없습니다.
C:\Users\kim94\Desktop\temp\code\c\ConsoleApplication1\ConsoleApplication1\start.cpp(62,48): warning C4129: 'P': 문자 이스케이프 시퀀스를 인식할 수 없습니다.
C:\Users\kim94\Desktop\temp\code\c\ConsoleApplication1\ConsoleApplication1\start.cpp(62,48): error C2022: '357': 문자에 비해 너무 큽니다.
C:\Users\kim94\Desktop\temp\code\c\ConsoleApplication1\ConsoleApplication1\start.cpp(68,48): warning C4129: 'C': 문자 이스케이프 시퀀스를 인식할 수 없습니다.
C:\Users\kim94\Desktop\temp\code\c\ConsoleApplication1\ConsoleApplication1\start.cpp(68,48): warning C4129: 'P': 문자 이스케이프 시퀀스를 인식할 수 없습니다.
C:\Users\kim94\Desktop\temp\code\c\ConsoleApplication1\ConsoleApplication1\start.cpp(68,48): error C2022: '357': 문자에 비해 너무 큽니다.
C:\Users\kim94\Desktop\temp\code\c\ConsoleApplication1\ConsoleApplication1\start.cpp(81,48): warning C4129: 'C': 문자 이스케이프 시퀀스를 인식할 수 없습니다.
C:\Users\kim94\Desktop\temp\code\c\ConsoleApplication1\ConsoleApplication1\start.cpp(81,48): warning C4129: 'P': 문자 이스케이프 시퀀스를 인식할 수 없습니다.
C:\Users\kim94\Desktop\temp\code\c\ConsoleApplication1\ConsoleApplication1\start.cpp(81,48): error C2022: '357': 문자에 비해 너무 큽니다.
C:\Users\kim94\Desktop\temp\code\c\ConsoleApplication1\ConsoleApplication1\start.cpp(85,57): error C2664: 'LSTATUS RegSetValueExA(HKEY,LPCSTR,DWORD,DWORD,const BYTE *,DWORD)': 인수 5을(를) 'int'에서 'const BYTE *'(으)로 변환할 수 없습니다.
C:\Users\kim94\Desktop\temp\code\c\ConsoleApplication1\ConsoleApplication1\start.cpp(85,53): message : 정수 계열 형식에서 포인터 형식으로 변환하려면 reinterpret_cast, C 스타일 캐스트 또는 함수 스타일 캐스트가 필요합니다.
C:\Program Files (x86)\Windows Kits\10\Include\10.0.18362.0\um\winreg.h(997,1): message : 'RegSetValueExA' 선언을 참조하십시오.
C:\Users\kim94\Desktop\temp\code\c\ConsoleApplication1\ConsoleApplication1\start.cpp(87,48): warning C4129: 'C': 문자 이스케이프 시퀀스를 인식할 수 없습니다.
C:\Users\kim94\Desktop\temp\code\c\ConsoleApplication1\ConsoleApplication1\start.cpp(87,48): warning C4129: 'P': 문자 이스케이프 시퀀스를 인식할 수 없습니다.
C:\Users\kim94\Desktop\temp\code\c\ConsoleApplication1\ConsoleApplication1\start.cpp(87,48): error C2022: '357': 문자에 비해 너무 큽니다.
C:\Users\kim94\Desktop\temp\code\c\ConsoleApplication1\ConsoleApplication1\start.cpp(91,57): error C2664: 'LSTATUS RegSetValueExA(HKEY,LPCSTR,DWORD,DWORD,const BYTE *,DWORD)': 인수 5을(를) 'int'에서 'const BYTE *'(으)로 변환할 수 없습니다.
C:\Users\kim94\Desktop\temp\code\c\ConsoleApplication1\ConsoleApplication1\start.cpp(91,53): message : 정수 계열 형식에서 포인터 형식으로 변환하려면 reinterpret_cast, C 스타일 캐스트 또는 함수 스타일 캐스트가 필요합니다.
C:\Program Files (x86)\Windows Kits\10\Include\10.0.18362.0\um\winreg.h(997,1): message : 'RegSetValueExA' 선언을 참조하십시오.
